<?xml version="1.0" encoding="UTF-8"?>
<testsuite xmlns:xsi="http://www.w3.org/2001/XMLSchema-instance" xsi:noNamespaceSchemaLocation="https://maven.apache.org/surefire/maven-surefire-plugin/xsd/surefire-test-report-3.0.xsd" version="3.0" name="org.example.UserTest" time="0.017" tests="5" errors="0" skipped="0" failures="0">
  <properties>
[...]
</properties>
  <testcase name="testUserNameChange" classname="org.example.UserTest" time="0.001"/>
  <testcase name="testInvalidYear" classname="org.example.UserTest" time="0.005"/>
  <testcase name="testUserEquality" classname="org.example.UserTest" time="0.002"/>
  <testcase name="testYearOperations" classname="org.example.UserTest" time="0.001"/>
  <testcase name="testUserCreation" classname="org.example.UserTest" time="0.001"/>
</testsuite>